autoscan: warning: missing AC_C_CONST wanted by: 
	TDT.cpp:39
	TDT.cpp:41
	TDT.cpp:90
	TDT.cpp:93
	TDT.cpp:99
	TDT.cpp:105
	TDT.cpp:111
	TDT.cpp:135
	TDT.cpp:135
	TDT.cpp:143
	TDT.cpp:162
	TDT.cpp:190
	TDT.cpp:190
	TDT.cpp:190
	TDT.cpp:190
	TDT.cpp:203
	TDT.cpp:207
	TDT.cpp:215
	TDT.cpp:215
	TDT.cpp:215
	TDT.cpp:215
	TDT.cpp:215
	TDT.cpp:215
	TDT.cpp:229
	TDT.cpp:237
	TDT.cpp:247
	TDT.cpp:251
	TDT.cpp:264
	TDT.cpp:277
	TDT.cpp:281
	TDT.cpp:289
	TDT.cpp:289
	TDT.cpp:289
	TDT.cpp:299
	TDT.cpp:307
	TDT.cpp:312
	TDT.cpp:331
	TDT.cpp:337
	TDT.cpp:337
	TDT.cpp:337
	TDT.cpp:337
	TDT.cpp:347
	TDT.cpp:361
	TDT.cpp:365
	TDT.cpp:377
	TDT.cpp:384
	TDT.cpp:398
	TDT.cpp:406
	TDT.cpp:414
	TDT.cpp:414
	TDT.cpp:414
	TDT.cpp:414
	TDT.cpp:420
	TDT.cpp:420
	TDT.cpp:420
	TDT.cpp:420
	TDT.cpp:442
	TDT.cpp:452
	TDT.cpp:453
	TDT.cpp:454
	TDT.cpp:474
	TDT.cpp:478
	TDT.cpp:482
	TDT.cpp:486
	TDT.cpp:498
	TDT.cpp:504
	TDT.cpp:541
	TDT.cpp:545
	TDT.cpp:549
	TDT.cpp:560
	TDT.cpp:566
	TDT.cpp:573
	TDT.cpp:573
	TDT.cpp:573
	TDT.cpp:579
	TDT.cpp:579
	TDT.cpp:584
	TDT.cpp:585
	TDT.cpp:585
	TDT.cpp:590
	TDT.cpp:597
	TDT.cpp:615
	TDT.cpp:624
	TDT.cpp:643
	TDT.cpp:684
	TDT.cpp:716
	TDT.cpp:716
	TDT.cpp:724
	server.cpp:36
	server.cpp:37
	TDT.h:68
	TDT.h:68
	TDT.h:69
	TDT.h:69
	TDT.h:120
	TDT.h:121
	TDT.h:122
	TDT.h:124
	TDT.h:128
	TDT.h:132
	TDT.h:132
	TDT.h:133
	TDT.h:162
	TDT.h:162
	TDT.h:162
	TDT.h:166
	TDT.h:166
	TDT.h:166
	TDT.h:166
	TDT.h:171
	TDT.h:171
	TDT.h:171
	TDT.h:176
	TDT.h:176
	TDT.h:176
	TDT.h:176
	TDT.h:181
	TDT.h:181
	TDT.h:181
	TDT.h:181
	TDT.h:181
	TDT.h:186
	TDT.h:186
	TDT.h:186
	TDT.h:186
	TDT.h:186
	TDT.h:186
	TDT.h:191
	TDT.h:191
	TDT.h:191
	TDT.h:191
	TDT.h:191
	TDT.h:196
	TDT.h:196
	TDT.h:196
	TDT.h:196
	TDT.h:196
	TDT.h:196
	TDT.h:201
	TDT.h:205
	TDT.h:205
	TDT.h:205
	TDT.h:205
	TDT.h:206
	TDT.h:206
	TDT.h:206
	TDT.h:206
	TDT.h:206
	TDT.h:206
	TDT.h:214
	TDT.h:224
	TDT.h:229
	TDT.h:229
	TDT.h:234
	TDT.h:234
	TDT.h:234
	TDT.h:239
	TDT.h:239
	TDT.h:244
	TDT.h:244
	TDT.h:244
	TDT.h:249
	TDT.h:253
	TDT.h:254
	TDT.h:254
	TDT.h:254
	TDT.h:258
	TDT.h:258
	TDT.h:268
	TDT.h:268
	TDT.h:278
	TDT.h:278
	TDT.h:288
	TDT.h:298
	TDT.h:308
	TDT.h:318
	TDT.h:328
	TDT.h:338
	TDT.h:338
	TDT.h:348
	TDT.h:348
	TDT.h:358
	TDT.h:368
	TDT.h:378
	TDT.h:388
	TDT.h:398
	TDT.h:408
	TDT.h:418
	TDT.h:428
	TDT.h:438
	TDT.h:438
	TDT.h:448
	TDT.h:454
	TDT.h:471
	TDT.h:471
	TDT.h:471
	TDT.h:471
	TDT.h:473
	TDT.h:491
	TDT.h:491
	TDT.h:491
	TDT.h:491
	TDT.h:493
	TDT.h:511
	TDT.h:511
	TDT.h:511
	TDT.h:511
	TDT.h:513
	TDT.h:530
	TDT.h:532
	TDT.h:532
	TDT.h:532
	TDT.h:533
	TDT.h:533
	TDT.h:534
	TDT.h:534
	TDT.h:534
	TDT.h:535
	TDT.h:537
	TDT.h:537
	TDT.h:537
	TDT.h:537
	TDT.h:538
	TDT.h:540
	TDT.h:541
	TDT.h:543
	TDT.h:545
	TDT.h:549
	TDT.h:549
	TDT.h:550
	TDT.h:554
	TDT.h:554
	TDT.h:556
	TDT.h:556
	TDT.h:559
	TDT.h:559
	TDT.h:561
	TDT.h:561
	TDT.h:576
	TDT.h:578
	TDT.h:580
	TDT.h:585
	TDT.h:585
	TDT.h:616
	TDT.h:616
	TDT.h:616
	TDT.h:622
	TDT.h:622
	TDT.h:634
	TDT.h:634
	TDT.h:635
	TDT.h:636
	TDT.h:636
	TDT.h:638
	TDT.h:643
	TDT.h:643
	TDT.h:674
	TDT.h:674
	TDT.h:674
	TDT.h:674
	TDT.h:674
	TDT.h:674
	TDT.h:680
	TDT.h:680
	TDT.h:680
	TDT.h:680
	TDT.h:680
	TDT.h:692
	TDT.h:696
	TDT.h:703
	TDT.h:703
	TDT.h:709
	TDT.h:709
	TDT.h:715
	TDT.h:721
	TDT.h:733
	TDT.h:733
	TDT.h:734
	TDT.h:735
	TDT.h:737
	TDT.h:744
	TDT.h:744
	TDT.h:744
	TDT.h:744
	TDT.h:744
	TDT.h:750
	TDT.h:750
	TDT.h:750
	TDT.h:750
	TDT.h:756
	TDT.h:756
	TDT.h:756
	TDT.h:756
	TDT.h:762
	TDT.h:762
	TDT.h:762
autoscan: warning: missing AC_C_INLINE wanted by: 
	TDT.h:554
	TDT.h:559
autoscan: warning: missing AC_HEADER_STDBOOL wanted by: 
	TDT.cpp:120
	TDT.cpp:143
	TDT.cpp:351
	TDT.cpp:387
	TDT.cpp:572
	TDT.cpp:697
	TDT.cpp:724
	TDT.h:68
	TDT.h:69
	TDT.h:129
	TDT.h:133
	TDT.h:298
	TDT.h:318
	TDT.h:328
	TDT.h:358
	TDT.h:418
	TDT.h:532
	TDT.h:546
	TDT.h:550
	TDT.h:554
	TDT.h:559
	TDT.h:577
	TDT.h:616
	TDT.h:622
	TDT.h:635
	TDT.h:674
	TDT.h:680
	TDT.h:693
	TDT.h:703
	TDT.h:709
	TDT.h:715
	TDT.h:721
	TDT.h:734
	TDT.h:744
	TDT.h:750
	TDT.h:756
	TDT.h:762
	TDT.cpp:113
	TDT.cpp:125
	TDT.cpp:199
	TDT.cpp:272
	TDT.cpp:379
	TDT.cpp:408
	TDT.cpp:492
	TDT.cpp:555
	TDT.cpp:679
	TDT.cpp:193
	TDT.cpp:209
	TDT.cpp:227
	TDT.cpp:267
	TDT.cpp:283
	TDT.cpp:297
	TDT.cpp:707
	TDT.cpp:709
autoscan: warning: missing AC_PROG_RANLIB wanted by: 
	ltmain.sh:6857
